*** Starting uWSGI 2.0.19.1 (64bit) on [Sat Nov 13 21:20:37 2021] ***
compiled with version: 9.3.0 on 13 November 2021 18:09:37
os: Linux-5.11.0-1020-aws #21~20.04.2-Ubuntu SMP Fri Oct 1 13:03:59 UTC 2021
nodename: ip-10-1-221-45
machine: x86_64
clock source: unix
detected number of CPU cores: 2
current working directory: /home/ubuntu/SOMA_MainServer/mainserver
writing pidfile to /tmp/uwsgi/project1.pid
detected binary path: /home/ubuntu/SOMA_MainServer/venv/bin/uwsgi
!!! no internal routing support, rebuild with pcre support !!!
chdir() to /home/ubuntu/SOMA_MainServer/mainserver
your processes number limit is 15439
your memory page size is 4096 bytes
 *** WARNING: you have enabled harakiri without post buffering. Slow upload could be rejected on post-unbuffered webservers *** 
detected max file descriptor number: 1048576
lock engine: pthread robust mutexes
thunder lock: disabled (you can enable it with --thunder-lock)
uwsgi socket 0 bound to TCP address :8000 fd 3
Python version: 3.8.10 (default, Sep 28 2021, 16:10:42)  [GCC 9.3.0]
PEP 405 virtualenv detected: /home/ubuntu/SOMA_MainServer/venv
Set PythonHome to /home/ubuntu/SOMA_MainServer/venv
Python main interpreter initialized at 0x5618dbdfd710
python threads support enabled
your server socket listen backlog is limited to 4096 connections
your mercy for graceful operations on workers is 60 seconds
mapped 1148800 bytes (1121 KB) for 64 cores
*** Operational MODE: preforking+threaded ***
WSGI app 0 (mountpoint='') ready in 1 seconds on interpreter 0x5618dbdfd710 pid: 40725 (default app)
spawned uWSGI master process (pid: 40725)
spawned uWSGI worker 1 (pid: 40727, cores: 16)
spawned uWSGI worker 2 (pid: 40729, cores: 16)
spawned uWSGI worker 3 (pid: 40744, cores: 16)
spawned uWSGI worker 4 (pid: 40745, cores: 16)
{'QUERY_STRING': '', 'REQUEST_METHOD': 'GET', 'CONTENT_TYPE': '', 'CONTENT_LENGTH': '', 'REQUEST_URI': '/', 'PATH_INFO': '/', 'DOCUMENT_ROOT': '/usr/share/nginx/html', 'SERVER_PROTOCOL': 'HTTP/1.1', 'REQUEST_SCHEME': 'http', 'REMOTE_ADDR': '211.218.35.85', 'REMOTE_PORT': '57421', 'SERVER_PORT': '80', 'SERVER_NAME': 'kospeech.com', 'HTTP_HOST': '15.165.71.233', 'HTTP_CONNECTION': 'keep-alive', 'HTTP_UPGRADE_INSECURE_REQUESTS': '1', 'HTTP_USER_AGENT': 'Mozilla/5.0 (Macintosh; Intel Mac OS X 10_15_7) AppleWebKit/537.36 (KHTML, like Gecko) Chrome/95.0.4638.69 Safari/537.36', 'HTTP_ACCEPT': 'text/html,application/xhtml+xml,application/xml;q=0.9,image/avif,image/webp,image/apng,*/*;q=0.8,application/signed-exchange;v=b3;q=0.9', 'HTTP_PURPOSE': 'prefetch', 'HTTP_ACCEPT_ENCODING': 'gzip, deflate', 'HTTP_ACCEPT_LANGUAGE': 'ko-KR,ko;q=0.9,en-US;q=0.8,en;q=0.7', 'wsgi.input': <uwsgi._Input object at 0x7f8f0f3d8f30>, 'wsgi.file_wrapper': <built-in function uwsgi_sendfile>, 'wsgi.version': (1, 0), 'wsgi.errors': <_io.TextIOWrapper name=2 mode='w' encoding='UTF-8'>, 'wsgi.run_once': False, 'wsgi.multithread': True, 'wsgi.multiprocess': True, 'wsgi.url_scheme': 'http', 'uwsgi.version': b'2.0.19.1', 'uwsgi.core': 0, 'uwsgi.node': b'ip-10-1-221-45', 'SCRIPT_NAME': ''}
[pid: 40729|app: 0|req: 1/1] 211.218.35.85 () {42 vars in 779 bytes} [Sun Nov 14 06:22:41 2021] GET / => generated 27 bytes in 127 msecs (HTTP/1.1 200) 7 headers in 192 bytes (1 switches on core 0)
